Analysis & Synthesis report for homework_1
Thu Nov 18 14:57:28 2021
Quartus Prime Version 21.1.0 Build 842 10/21/2021 SJ Lite Edition


---------------------
; Table of Contents ;
---------------------
  1. Legal Notice
  2. Analysis & Synthesis Summary
  3. Analysis & Synthesis Settings
  4. Parallel Compilation
  5. Analysis & Synthesis Source Files Read
  6. Analysis & Synthesis Resource Usage Summary
  7. Analysis & Synthesis Resource Utilization by Entity
  8. Registers Removed During Synthesis
  9. General Register Statistics
 10. Inverted Register Statistics
 11. Multiplexer Restructuring Statistics (Restructuring Performed)
 12. Port Connectivity Checks: "reptile:rr1"
 13. Post-Synthesis Netlist Statistics for Top Partition
 14. Elapsed Time Per Partition
 15. Analysis & Synthesis Messages



----------------
; Legal Notice ;
----------------
Copyright (C) 2021  Intel Corporation. All rights reserved.
Your use of Intel Corporation's design tools, logic functions 
and other software and tools, and any partner logic 
functions, and any output files from any of the foregoing 
(including device programming or simulation files), and any 
associated documentation or information are expressly subject 
to the terms and conditions of the Intel Program License 
Subscription Agreement, the Intel Quartus Prime License Agreement,
the Intel FPGA IP License Agreement, or other applicable license
agreement, including, without limitation, that your use is for
the sole purpose of programming logic devices manufactured by
Intel and sold by Intel or its authorized distributors.  Please
refer to the applicable agreement for further details, at
https://fpgasoftware.intel.com/eula.



+----------------------------------------------------------------------------------+
; Analysis & Synthesis Summary                                                     ;
+------------------------------------+---------------------------------------------+
; Analysis & Synthesis Status        ; Successful - Thu Nov 18 14:57:28 2021       ;
; Quartus Prime Version              ; 21.1.0 Build 842 10/21/2021 SJ Lite Edition ;
; Revision Name                      ; homework_1                                  ;
; Top-level Entity Name              ; homework_1                                  ;
; Family                             ; Cyclone IV E                                ;
; Total logic elements               ; 4,061                                       ;
;     Total combinational functions  ; 2,138                                       ;
;     Dedicated logic registers      ; 2,222                                       ;
; Total registers                    ; 2222                                        ;
; Total pins                         ; 14                                          ;
; Total virtual pins                 ; 0                                           ;
; Total memory bits                  ; 0                                           ;
; Embedded Multiplier 9-bit elements ; 0                                           ;
; Total PLLs                         ; 0                                           ;
+------------------------------------+---------------------------------------------+


+------------------------------------------------------------------------------------------------------------+
; Analysis & Synthesis Settings                                                                              ;
+------------------------------------------------------------------+--------------------+--------------------+
; Option                                                           ; Setting            ; Default Value      ;
+------------------------------------------------------------------+--------------------+--------------------+
; Device                                                           ; EP4CE22F17C6       ;                    ;
; Top-level entity name                                            ; homework_1         ; homework_1         ;
; Family name                                                      ; Cyclone IV E       ; Cyclone V          ;
; Use smart compilation                                            ; Off                ; Off                ;
; Enable parallel Assembler and Timing Analyzer during compilation ; On                 ; On                 ;
; Enable compact report table                                      ; Off                ; Off                ;
; Restructure Multiplexers                                         ; Auto               ; Auto               ;
; Create Debugging Nodes for IP Cores                              ; Off                ; Off                ;
; Preserve fewer node names                                        ; On                 ; On                 ;
; Intel FPGA IP Evaluation Mode                                    ; Enable             ; Enable             ;
; Verilog Version                                                  ; Verilog_2001       ; Verilog_2001       ;
; VHDL Version                                                     ; VHDL_1993          ; VHDL_1993          ;
; State Machine Processing                                         ; Auto               ; Auto               ;
; Safe State Machine                                               ; Off                ; Off                ;
; Extract Verilog State Machines                                   ; On                 ; On                 ;
; Extract VHDL State Machines                                      ; On                 ; On                 ;
; Ignore Verilog initial constructs                                ; Off                ; Off                ;
; Iteration limit for constant Verilog loops                       ; 5000               ; 5000               ;
; Iteration limit for non-constant Verilog loops                   ; 250                ; 250                ;
; Add Pass-Through Logic to Inferred RAMs                          ; On                 ; On                 ;
; Infer RAMs from Raw Logic                                        ; On                 ; On                 ;
; Parallel Synthesis                                               ; On                 ; On                 ;
; DSP Block Balancing                                              ; Auto               ; Auto               ;
; NOT Gate Push-Back                                               ; On                 ; On                 ;
; Power-Up Don't Care                                              ; On                 ; On                 ;
; Remove Redundant Logic Cells                                     ; Off                ; Off                ;
; Remove Duplicate Registers                                       ; On                 ; On                 ;
; Ignore CARRY Buffers                                             ; Off                ; Off                ;
; Ignore CASCADE Buffers                                           ; Off                ; Off                ;
; Ignore GLOBAL Buffers                                            ; Off                ; Off                ;
; Ignore ROW GLOBAL Buffers                                        ; Off                ; Off                ;
; Ignore LCELL Buffers                                             ; Off                ; Off                ;
; Ignore SOFT Buffers                                              ; On                 ; On                 ;
; Limit AHDL Integers to 32 Bits                                   ; Off                ; Off                ;
; Optimization Technique                                           ; Balanced           ; Balanced           ;
; Carry Chain Length                                               ; 70                 ; 70                 ;
; Auto Carry Chains                                                ; On                 ; On                 ;
; Auto Open-Drain Pins                                             ; On                 ; On                 ;
; Perform WYSIWYG Primitive Resynthesis                            ; Off                ; Off                ;
; Auto ROM Replacement                                             ; On                 ; On                 ;
; Auto RAM Replacement                                             ; On                 ; On                 ;
; Auto DSP Block Replacement                                       ; On                 ; On                 ;
; Auto Shift Register Replacement                                  ; Auto               ; Auto               ;
; Allow Shift Register Merging across Hierarchies                  ; Auto               ; Auto               ;
; Auto Clock Enable Replacement                                    ; On                 ; On                 ;
; Strict RAM Replacement                                           ; Off                ; Off                ;
; Allow Synchronous Control Signals                                ; On                 ; On                 ;
; Force Use of Synchronous Clear Signals                           ; Off                ; Off                ;
; Auto RAM Block Balancing                                         ; On                 ; On                 ;
; Auto RAM to Logic Cell Conversion                                ; Off                ; Off                ;
; Auto Resource Sharing                                            ; Off                ; Off                ;
; Allow Any RAM Size For Recognition                               ; Off                ; Off                ;
; Allow Any ROM Size For Recognition                               ; Off                ; Off                ;
; Allow Any Shift Register Size For Recognition                    ; Off                ; Off                ;
; Use LogicLock Constraints during Resource Balancing              ; On                 ; On                 ;
; Ignore translate_off and synthesis_off directives                ; Off                ; Off                ;
; Timing-Driven Synthesis                                          ; On                 ; On                 ;
; Report Parameter Settings                                        ; On                 ; On                 ;
; Report Source Assignments                                        ; On                 ; On                 ;
; Report Connectivity Checks                                       ; On                 ; On                 ;
; Ignore Maximum Fan-Out Assignments                               ; Off                ; Off                ;
; Synchronization Register Chain Length                            ; 2                  ; 2                  ;
; Power Optimization During Synthesis                              ; Normal compilation ; Normal compilation ;
; HDL message level                                                ; Level2             ; Level2             ;
; Suppress Register Optimization Related Messages                  ; Off                ; Off                ;
; Number of Removed Registers Reported in Synthesis Report         ; 5000               ; 5000               ;
; Number of Swept Nodes Reported in Synthesis Report               ; 5000               ; 5000               ;
; Number of Inverted Registers Reported in Synthesis Report        ; 100                ; 100                ;
; Clock MUX Protection                                             ; On                 ; On                 ;
; Auto Gated Clock Conversion                                      ; Off                ; Off                ;
; Block Design Naming                                              ; Auto               ; Auto               ;
; SDC constraint protection                                        ; Off                ; Off                ;
; Synthesis Effort                                                 ; Auto               ; Auto               ;
; Shift Register Replacement - Allow Asynchronous Clear Signal     ; On                 ; On                 ;
; Pre-Mapping Resynthesis Optimization                             ; Off                ; Off                ;
; Analysis & Synthesis Message Level                               ; Medium             ; Medium             ;
; Disable Register Merging Across Hierarchies                      ; Auto               ; Auto               ;
; Resource Aware Inference For Block RAM                           ; On                 ; On                 ;
+------------------------------------------------------------------+--------------------+--------------------+


+------------------------------------------+
; Parallel Compilation                     ;
+----------------------------+-------------+
; Processors                 ; Number      ;
+----------------------------+-------------+
; Number detected on machine ; 6           ;
; Maximum allowed            ; 6           ;
;                            ;             ;
; Average used               ; 1.01        ;
; Maximum used               ; 6           ;
;                            ;             ;
; Usage by Processor         ; % Time Used ;
;     Processor 1            ; 100.0%      ;
;     Processor 2            ;   0.2%      ;
;     Processor 3            ;   0.1%      ;
;     Processor 4            ;   0.1%      ;
;     Processor 5            ;   0.1%      ;
;     Processor 6            ;   0.1%      ;
+----------------------------+-------------+


+--------------------------------------------------------------------------------------------------------------------------------------------------------------+
; Analysis & Synthesis Source Files Read                                                                                                                       ;
+----------------------------------+-----------------+------------------------------+----------------------------------------------------------------+---------+
; File Name with User-Entered Path ; Used in Netlist ; File Type                    ; File Name with Absolute Path                                   ; Library ;
+----------------------------------+-----------------+------------------------------+----------------------------------------------------------------+---------+
; reptile.v                        ; yes             ; User Verilog HDL File        ; C:/Users/ayse/Documents/okul/microp/homework_1/reptile.v       ;         ;
; seven_segment.v                  ; yes             ; User Verilog HDL File        ; C:/Users/ayse/Documents/okul/microp/homework_1/seven_segment.v ;         ;
; homework_1.v                     ; yes             ; User Verilog HDL File        ; C:/Users/ayse/Documents/okul/microp/homework_1/homework_1.v    ;         ;
; ram.dat                          ; yes             ; Auto-Found Unspecified File  ; C:/Users/ayse/Documents/okul/microp/homework_1/ram.dat         ;         ;
+----------------------------------+-----------------+------------------------------+----------------------------------------------------------------+---------+


+---------------------------------------------------------+
; Analysis & Synthesis Resource Usage Summary             ;
+---------------------------------------------+-----------+
; Resource                                    ; Usage     ;
+---------------------------------------------+-----------+
; Estimated Total logic elements              ; 4,061     ;
;                                             ;           ;
; Total combinational functions               ; 2138      ;
; Logic element usage by number of LUT inputs ;           ;
;     -- 4 input functions                    ; 1637      ;
;     -- 3 input functions                    ; 184       ;
;     -- <=2 input functions                  ; 317       ;
;                                             ;           ;
; Logic elements by mode                      ;           ;
;     -- normal mode                          ; 2102      ;
;     -- arithmetic mode                      ; 36        ;
;                                             ;           ;
; Total registers                             ; 2222      ;
;     -- Dedicated logic registers            ; 2222      ;
;     -- I/O registers                        ; 0         ;
;                                             ;           ;
; I/O pins                                    ; 14        ;
;                                             ;           ;
; Embedded Multiplier 9-bit elements          ; 0         ;
;                                             ;           ;
; Maximum fan-out node                        ; clk~input ;
; Maximum fan-out                             ; 2216      ;
; Total fan-out                               ; 14172     ;
; Average fan-out                             ; 3.23      ;
+---------------------------------------------+-----------+


+----------------------------------------------------------------------------------------------------------------------------------------------------------------------------------------------------------------------+
; Analysis & Synthesis Resource Utilization by Entity                                                                                                                                                                  ;
+----------------------------+---------------------+---------------------------+-------------+--------------+---------+-----------+------+--------------+-------------------------------+---------------+--------------+
; Compilation Hierarchy Node ; Combinational ALUTs ; Dedicated Logic Registers ; Memory Bits ; DSP Elements ; DSP 9x9 ; DSP 18x18 ; Pins ; Virtual Pins ; Full Hierarchy Name           ; Entity Name   ; Library Name ;
+----------------------------+---------------------+---------------------------+-------------+--------------+---------+-----------+------+--------------+-------------------------------+---------------+--------------+
; |homework_1                ; 2138 (1735)         ; 2222 (2048)               ; 0           ; 0            ; 0       ; 0         ; 14   ; 0            ; |homework_1                   ; homework_1    ; work         ;
;    |reptile:rr1|           ; 368 (368)           ; 152 (152)                 ; 0           ; 0            ; 0       ; 0         ; 0    ; 0            ; |homework_1|reptile:rr1       ; reptile       ; work         ;
;    |seven_segment:ss1|     ; 35 (35)             ; 22 (22)                   ; 0           ; 0            ; 0       ; 0         ; 0    ; 0            ; |homework_1|seven_segment:ss1 ; seven_segment ; work         ;
+----------------------------+---------------------+---------------------------+-------------+--------------+---------+-----------+------+--------------+-------------------------------+---------------+--------------+
Note: For table entries with two numbers listed, the numbers in parentheses indicate the number of resources of the given type used by the specific entity alone. The numbers listed outside of parentheses indicate the total resources of the given type used by the specific entity and all of its sub-entities in the hierarchy.


+---------------------------------------------------------------------------------+
; Registers Removed During Synthesis                                              ;
+----------------------------------------+----------------------------------------+
; Register name                          ; Reason for Removal                     ;
+----------------------------------------+----------------------------------------+
; reptile:rr1|state[4]                   ; Stuck at GND due to stuck port data_in ;
; seven_segment:ss1|clk1[16..25]         ; Lost fanout                            ;
; Total Number of Removed Registers = 11 ;                                        ;
+----------------------------------------+----------------------------------------+


+------------------------------------------------------+
; General Register Statistics                          ;
+----------------------------------------------+-------+
; Statistic                                    ; Value ;
+----------------------------------------------+-------+
; Total registers                              ; 2222  ;
; Number of registers using Synchronous Clear  ; 0     ;
; Number of registers using Synchronous Load   ; 0     ;
; Number of registers using Asynchronous Clear ; 0     ;
; Number of registers using Asynchronous Load  ; 0     ;
; Number of registers using Clock Enable       ; 2196  ;
; Number of registers using Preset             ; 0     ;
+----------------------------------------------+-------+


+--------------------------------------------------+
; Inverted Register Statistics                     ;
+----------------------------------------+---------+
; Inverted Register                      ; Fan out ;
+----------------------------------------+---------+
; seven_segment:ss1|grounds[1]           ; 2       ;
; seven_segment:ss1|grounds[2]           ; 2       ;
; seven_segment:ss1|grounds[3]           ; 2       ;
; Total number of inverted registers = 3 ;         ;
+----------------------------------------+---------+


+------------------------------------------------------------------------------------------------------------------------------------------------------+
; Multiplexer Restructuring Statistics (Restructuring Performed)                                                                                       ;
+--------------------+-----------+---------------+----------------------+------------------------+------------+----------------------------------------+
; Multiplexer Inputs ; Bus Width ; Baseline Area ; Area if Restructured ; Saving if Restructured ; Registered ; Example Multiplexer Output             ;
+--------------------+-----------+---------------+----------------------+------------------------+------------+----------------------------------------+
; 17:1               ; 2 bits    ; 22 LEs        ; 8 LEs                ; 14 LEs                 ; Yes        ; |homework_1|reptile:rr1|state[1]       ;
; 17:1               ; 2 bits    ; 22 LEs        ; 8 LEs                ; 14 LEs                 ; Yes        ; |homework_1|reptile:rr1|state[0]       ;
; 17:1               ; 16 bits   ; 176 LEs       ; 16 LEs               ; 160 LEs                ; Yes        ; |homework_1|reptile:rr1|regbank[7][8]  ;
; 17:1               ; 16 bits   ; 176 LEs       ; 16 LEs               ; 160 LEs                ; Yes        ; |homework_1|reptile:rr1|regbank[6][7]  ;
; 17:1               ; 16 bits   ; 176 LEs       ; 16 LEs               ; 160 LEs                ; Yes        ; |homework_1|reptile:rr1|regbank[5][12] ;
; 17:1               ; 16 bits   ; 176 LEs       ; 16 LEs               ; 160 LEs                ; Yes        ; |homework_1|reptile:rr1|regbank[4][11] ;
; 17:1               ; 16 bits   ; 176 LEs       ; 16 LEs               ; 160 LEs                ; Yes        ; |homework_1|reptile:rr1|regbank[3][12] ;
; 17:1               ; 16 bits   ; 176 LEs       ; 16 LEs               ; 160 LEs                ; Yes        ; |homework_1|reptile:rr1|regbank[2][7]  ;
; 17:1               ; 16 bits   ; 176 LEs       ; 16 LEs               ; 160 LEs                ; Yes        ; |homework_1|reptile:rr1|regbank[1][10] ;
; 17:1               ; 16 bits   ; 176 LEs       ; 16 LEs               ; 160 LEs                ; Yes        ; |homework_1|reptile:rr1|regbank[0][12] ;
; 4:1                ; 4 bits    ; 8 LEs         ; 8 LEs                ; 0 LEs                  ; No         ; |homework_1|seven_segment:ss1|Mux1     ;
; 8:1                ; 16 bits   ; 80 LEs        ; 80 LEs               ; 0 LEs                  ; No         ; |homework_1|reptile:rr1|Mux15          ;
; 8:1                ; 16 bits   ; 80 LEs        ; 80 LEs               ; 0 LEs                  ; No         ; |homework_1|reptile:rr1|Mux11          ;
; 4:1                ; 12 bits   ; 24 LEs        ; 24 LEs               ; 0 LEs                  ; No         ; |homework_1|reptile:rr1|Add2           ;
; 4:1                ; 4 bits    ; 8 LEs         ; 8 LEs                ; 0 LEs                  ; No         ; |homework_1|reptile:rr1|Add2           ;
; 12:1               ; 15 bits   ; 120 LEs       ; 60 LEs               ; 60 LEs                 ; No         ; |homework_1|reptile:rr1|Mux58          ;
; 4:1                ; 12 bits   ; 24 LEs        ; 12 LEs               ; 12 LEs                 ; No         ; |homework_1|reptile:rr1|Add2           ;
; 4:1                ; 4 bits    ; 8 LEs         ; 4 LEs                ; 4 LEs                  ; No         ; |homework_1|reptile:rr1|Add2           ;
+--------------------+-----------+---------------+----------------------+------------------------+------------+----------------------------------------+


+--------------------------------------------------------------------------------------------------------------------------+
; Port Connectivity Checks: "reptile:rr1"                                                                                  ;
+----------------+--------+----------+-------------------------------------------------------------------------------------+
; Port           ; Type   ; Severity ; Details                                                                             ;
+----------------+--------+----------+-------------------------------------------------------------------------------------+
; address[11..7] ; Output ; Info     ; Connected to dangling logic. Logic that only feeds a dangling port will be removed. ;
+----------------+--------+----------+-------------------------------------------------------------------------------------+


+-----------------------------------------------------+
; Post-Synthesis Netlist Statistics for Top Partition ;
+-----------------------+-----------------------------+
; Type                  ; Count                       ;
+-----------------------+-----------------------------+
; boundary_port         ; 14                          ;
; cycloneiii_ff         ; 2222                        ;
;     ENA               ; 2196                        ;
;     plain             ; 26                          ;
; cycloneiii_lcell_comb ; 2147                        ;
;     arith             ; 36                          ;
;         2 data inputs ; 13                          ;
;         3 data inputs ; 23                          ;
;     normal            ; 2111                        ;
;         1 data inputs ; 237                         ;
;         2 data inputs ; 76                          ;
;         3 data inputs ; 161                         ;
;         4 data inputs ; 1637                        ;
;                       ;                             ;
; Max LUT depth         ; 13.00                       ;
; Average LUT depth     ; 8.02                        ;
+-----------------------+-----------------------------+


+-------------------------------+
; Elapsed Time Per Partition    ;
+----------------+--------------+
; Partition Name ; Elapsed Time ;
+----------------+--------------+
; Top            ; 00:00:07     ;
+----------------+--------------+


+-------------------------------+
; Analysis & Synthesis Messages ;
+-------------------------------+
Info: *******************************************************************
Info: Running Quartus Prime Analysis & Synthesis
    Info: Version 21.1.0 Build 842 10/21/2021 SJ Lite Edition
    Info: Processing started: Thu Nov 18 14:57:09 2021
Info: Command: quartus_map --read_settings_files=on --write_settings_files=off homework_1 -c homework_1
Warning (18236): Number of processors has not been specified which may cause overloading on shared machines.  Set the global assignment NUM_PARALLEL_PROCESSORS in your QSF to an appropriate value for best performance.
Info (20030): Parallel compilation is enabled and will use 6 of the 6 processors detected
Info (12021): Found 1 design units, including 1 entities, in source file reptile.v
    Info (12023): Found entity 1: reptile File: C:/Users/ayse/Documents/okul/microp/homework_1/reptile.v Line: 5
Info (12021): Found 1 design units, including 1 entities, in source file seven_segment.v
    Info (12023): Found entity 1: seven_segment File: C:/Users/ayse/Documents/okul/microp/homework_1/seven_segment.v Line: 1
Info (12021): Found 1 design units, including 1 entities, in source file homework_1.v
    Info (12023): Found entity 1: homework_1 File: C:/Users/ayse/Documents/okul/microp/homework_1/homework_1.v Line: 3
Info (12127): Elaborating entity "homework_1" for the top level hierarchy
Warning (10850): Verilog HDL warning at homework_1.v(39): number of words (49) in memory file does not match the number of elements in the address range [0:127] File: C:/Users/ayse/Documents/okul/microp/homework_1/homework_1.v Line: 39
Info (12128): Elaborating entity "reptile" for hierarchy "reptile:rr1" File: C:/Users/ayse/Documents/okul/microp/homework_1/homework_1.v Line: 26
Warning (10230): Verilog HDL assignment warning at reptile.v(46): truncated value with size 32 to match size of target (12) File: C:/Users/ayse/Documents/okul/microp/homework_1/reptile.v Line: 46
Warning (10230): Verilog HDL assignment warning at reptile.v(52): truncated value with size 32 to match size of target (12) File: C:/Users/ayse/Documents/okul/microp/homework_1/reptile.v Line: 52
Warning (10230): Verilog HDL assignment warning at reptile.v(105): truncated value with size 32 to match size of target (16) File: C:/Users/ayse/Documents/okul/microp/homework_1/reptile.v Line: 105
Warning (10230): Verilog HDL assignment warning at reptile.v(106): truncated value with size 32 to match size of target (16) File: C:/Users/ayse/Documents/okul/microp/homework_1/reptile.v Line: 106
Info (12128): Elaborating entity "seven_segment" for hierarchy "seven_segment:ss1" File: C:/Users/ayse/Documents/okul/microp/homework_1/homework_1.v Line: 28
Warning (10230): Verilog HDL assignment warning at seven_segment.v(15): truncated value with size 32 to match size of target (2) File: C:/Users/ayse/Documents/okul/microp/homework_1/seven_segment.v Line: 15
Warning (10230): Verilog HDL assignment warning at seven_segment.v(19): truncated value with size 32 to match size of target (26) File: C:/Users/ayse/Documents/okul/microp/homework_1/seven_segment.v Line: 19
Info (276014): Found 1 instances of uninferred RAM logic
    Info (276007): RAM logic "memory" is uninferred due to asynchronous read logic File: C:/Users/ayse/Documents/okul/microp/homework_1/homework_1.v Line: 12
Warning (127007): Memory Initialization File or Hexadecimal (Intel-Format) File "C:/Users/ayse/Documents/okul/microp/homework_1/db/homework_1.ram0_homework_1_24b6ce66.hdl.mif" contains "don't care" values -- overwriting them with 0s
Info (286030): Timing-Driven Synthesis is running
Info (17049): 10 registers lost all their fanouts during netlist optimizations.
Info (16010): Generating hard_block partition "hard_block:auto_generated_inst"
    Info (16011): Adding 0 node(s), including 0 DDIO, 0 PLL, 0 transceiver and 0 LCELL
Warning (21074): Design contains 1 input pin(s) that do not drive logic
    Warning (15610): No output dependent on input pin "pushbutton" File: C:/Users/ayse/Documents/okul/microp/homework_1/homework_1.v Line: 5
Info (21057): Implemented 4119 device resources after synthesis - the final resource count might be different
    Info (21058): Implemented 2 input pins
    Info (21059): Implemented 12 output pins
    Info (21061): Implemented 4105 logic cells
Info: Quartus Prime Analysis & Synthesis was successful. 0 errors, 11 warnings
    Info: Peak virtual memory: 4817 megabytes
    Info: Processing ended: Thu Nov 18 14:57:28 2021
    Info: Elapsed time: 00:00:19
    Info: Total CPU time (on all processors): 00:00:32


