Analysis & Synthesis report for project_2
Wed Jan 19 13:55:59 2022
Quartus Prime Version 21.1.0 Build 842 10/21/2021 SJ Lite Edition


---------------------
; Table of Contents ;
---------------------
  1. Legal Notice
  2. Analysis & Synthesis Summary
  3. Analysis & Synthesis Settings
  4. Parallel Compilation
  5. Analysis & Synthesis Source Files Read
  6. Analysis & Synthesis Resource Usage Summary
  7. Analysis & Synthesis Resource Utilization by Entity
  8. User-Specified and Inferred Latches
  9. Registers Removed During Synthesis
 10. General Register Statistics
 11. Inverted Register Statistics
 12. Multiplexer Restructuring Statistics (Restructuring Performed)
 13. Post-Synthesis Netlist Statistics for Top Partition
 14. Elapsed Time Per Partition
 15. Analysis & Synthesis Messages
 16. Analysis & Synthesis Suppressed Messages



----------------
; Legal Notice ;
----------------
Copyright (C) 2021  Intel Corporation. All rights reserved.
Your use of Intel Corporation's design tools, logic functions 
and other software and tools, and any partner logic 
functions, and any output files from any of the foregoing 
(including device programming or simulation files), and any 
associated documentation or information are expressly subject 
to the terms and conditions of the Intel Program License 
Subscription Agreement, the Intel Quartus Prime License Agreement,
the Intel FPGA IP License Agreement, or other applicable license
agreement, including, without limitation, that your use is for
the sole purpose of programming logic devices manufactured by
Intel and sold by Intel or its authorized distributors.  Please
refer to the applicable agreement for further details, at
https://fpgasoftware.intel.com/eula.



+----------------------------------------------------------------------------------+
; Analysis & Synthesis Summary                                                     ;
+------------------------------------+---------------------------------------------+
; Analysis & Synthesis Status        ; Successful - Wed Jan 19 13:55:59 2022       ;
; Quartus Prime Version              ; 21.1.0 Build 842 10/21/2021 SJ Lite Edition ;
; Revision Name                      ; project_2                                   ;
; Top-level Entity Name              ; main_module                                 ;
; Family                             ; Cyclone IV E                                ;
; Total logic elements               ; 29,235                                      ;
;     Total combinational functions  ; 13,624                                      ;
;     Dedicated logic registers      ; 16,680                                      ;
; Total registers                    ; 16680                                       ;
; Total pins                         ; 20                                          ;
; Total virtual pins                 ; 0                                           ;
; Total memory bits                  ; 0                                           ;
; Embedded Multiplier 9-bit elements ; 0                                           ;
; Total PLLs                         ; 0                                           ;
+------------------------------------+---------------------------------------------+


+------------------------------------------------------------------------------------------------------------+
; Analysis & Synthesis Settings                                                                              ;
+------------------------------------------------------------------+--------------------+--------------------+
; Option                                                           ; Setting            ; Default Value      ;
+------------------------------------------------------------------+--------------------+--------------------+
; Device                                                           ; EP4CE22F17C6       ;                    ;
; Top-level entity name                                            ; main_module        ; project_2          ;
; Family name                                                      ; Cyclone IV E       ; Cyclone V          ;
; Use smart compilation                                            ; Off                ; Off                ;
; Enable parallel Assembler and Timing Analyzer during compilation ; On                 ; On                 ;
; Enable compact report table                                      ; Off                ; Off                ;
; Restructure Multiplexers                                         ; Auto               ; Auto               ;
; Create Debugging Nodes for IP Cores                              ; Off                ; Off                ;
; Preserve fewer node names                                        ; On                 ; On                 ;
; Intel FPGA IP Evaluation Mode                                    ; Enable             ; Enable             ;
; Verilog Version                                                  ; Verilog_2001       ; Verilog_2001       ;
; VHDL Version                                                     ; VHDL_1993          ; VHDL_1993          ;
; State Machine Processing                                         ; Auto               ; Auto               ;
; Safe State Machine                                               ; Off                ; Off                ;
; Extract Verilog State Machines                                   ; On                 ; On                 ;
; Extract VHDL State Machines                                      ; On                 ; On                 ;
; Ignore Verilog initial constructs                                ; Off                ; Off                ;
; Iteration limit for constant Verilog loops                       ; 5000               ; 5000               ;
; Iteration limit for non-constant Verilog loops                   ; 250                ; 250                ;
; Add Pass-Through Logic to Inferred RAMs                          ; On                 ; On                 ;
; Infer RAMs from Raw Logic                                        ; On                 ; On                 ;
; Parallel Synthesis                                               ; On                 ; On                 ;
; DSP Block Balancing                                              ; Auto               ; Auto               ;
; NOT Gate Push-Back                                               ; On                 ; On                 ;
; Power-Up Don't Care                                              ; On                 ; On                 ;
; Remove Redundant Logic Cells                                     ; Off                ; Off                ;
; Remove Duplicate Registers                                       ; On                 ; On                 ;
; Ignore CARRY Buffers                                             ; Off                ; Off                ;
; Ignore CASCADE Buffers                                           ; Off                ; Off                ;
; Ignore GLOBAL Buffers                                            ; Off                ; Off                ;
; Ignore ROW GLOBAL Buffers                                        ; Off                ; Off                ;
; Ignore LCELL Buffers                                             ; Off                ; Off                ;
; Ignore SOFT Buffers                                              ; On                 ; On                 ;
; Limit AHDL Integers to 32 Bits                                   ; Off                ; Off                ;
; Optimization Technique                                           ; Balanced           ; Balanced           ;
; Carry Chain Length                                               ; 70                 ; 70                 ;
; Auto Carry Chains                                                ; On                 ; On                 ;
; Auto Open-Drain Pins                                             ; On                 ; On                 ;
; Perform WYSIWYG Primitive Resynthesis                            ; Off                ; Off                ;
; Auto ROM Replacement                                             ; On                 ; On                 ;
; Auto RAM Replacement                                             ; On                 ; On                 ;
; Auto DSP Block Replacement                                       ; On                 ; On                 ;
; Auto Shift Register Replacement                                  ; Auto               ; Auto               ;
; Allow Shift Register Merging across Hierarchies                  ; Auto               ; Auto               ;
; Auto Clock Enable Replacement                                    ; On                 ; On                 ;
; Strict RAM Replacement                                           ; Off                ; Off                ;
; Allow Synchronous Control Signals                                ; On                 ; On                 ;
; Force Use of Synchronous Clear Signals                           ; Off                ; Off                ;
; Auto RAM Block Balancing                                         ; On                 ; On                 ;
; Auto RAM to Logic Cell Conversion                                ; Off                ; Off                ;
; Auto Resource Sharing                                            ; Off                ; Off                ;
; Allow Any RAM Size For Recognition                               ; Off                ; Off                ;
; Allow Any ROM Size For Recognition                               ; Off                ; Off                ;
; Allow Any Shift Register Size For Recognition                    ; Off                ; Off                ;
; Use LogicLock Constraints during Resource Balancing              ; On                 ; On                 ;
; Ignore translate_off and synthesis_off directives                ; Off                ; Off                ;
; Timing-Driven Synthesis                                          ; On                 ; On                 ;
; Report Parameter Settings                                        ; On                 ; On                 ;
; Report Source Assignments                                        ; On                 ; On                 ;
; Report Connectivity Checks                                       ; On                 ; On                 ;
; Ignore Maximum Fan-Out Assignments                               ; Off                ; Off                ;
; Synchronization Register Chain Length                            ; 2                  ; 2                  ;
; Power Optimization During Synthesis                              ; Normal compilation ; Normal compilation ;
; HDL message level                                                ; Level2             ; Level2             ;
; Suppress Register Optimization Related Messages                  ; Off                ; Off                ;
; Number of Removed Registers Reported in Synthesis Report         ; 5000               ; 5000               ;
; Number of Swept Nodes Reported in Synthesis Report               ; 5000               ; 5000               ;
; Number of Inverted Registers Reported in Synthesis Report        ; 100                ; 100                ;
; Clock MUX Protection                                             ; On                 ; On                 ;
; Auto Gated Clock Conversion                                      ; Off                ; Off                ;
; Block Design Naming                                              ; Auto               ; Auto               ;
; SDC constraint protection                                        ; Off                ; Off                ;
; Synthesis Effort                                                 ; Auto               ; Auto               ;
; Shift Register Replacement - Allow Asynchronous Clear Signal     ; On                 ; On                 ;
; Pre-Mapping Resynthesis Optimization                             ; Off                ; Off                ;
; Analysis & Synthesis Message Level                               ; Medium             ; Medium             ;
; Disable Register Merging Across Hierarchies                      ; Auto               ; Auto               ;
; Resource Aware Inference For Block RAM                           ; On                 ; On                 ;
+------------------------------------------------------------------+--------------------+--------------------+


+------------------------------------------+
; Parallel Compilation                     ;
+----------------------------+-------------+
; Processors                 ; Number      ;
+----------------------------+-------------+
; Number detected on machine ; 8           ;
; Maximum allowed            ; 8           ;
;                            ;             ;
; Average used               ; 1.05        ;
; Maximum used               ; 8           ;
;                            ;             ;
; Usage by Processor         ; % Time Used ;
;     Processor 1            ; 100.0%      ;
;     Processor 2            ;   0.9%      ;
;     Processor 3            ;   0.8%      ;
;     Processor 4            ;   0.8%      ;
;     Processor 5            ;   0.8%      ;
;     Processor 6            ;   0.8%      ;
;     Processor 7            ;   0.7%      ;
;     Processor 8            ;   0.7%      ;
+----------------------------+-------------+


+---------------------------------------------------------------------------------------------------------------------------------------------------------------------------------------+
; Analysis & Synthesis Source Files Read                                                                                                                                                ;
+----------------------------------+-----------------+------------------------------+-----------------------------------------------------------------------------------------+---------+
; File Name with User-Entered Path ; Used in Netlist ; File Type                    ; File Name with Absolute Path                                                            ; Library ;
+----------------------------------+-----------------+------------------------------+-----------------------------------------------------------------------------------------+---------+
; sevensegment.v                   ; yes             ; User Verilog HDL File        ; C:/Users/rsan/projects/school/CSE4117-Microprocessors/Project_2/Verilog/sevensegment.v  ;         ;
; main_module.v                    ; yes             ; User Verilog HDL File        ; C:/Users/rsan/projects/school/CSE4117-Microprocessors/Project_2/Verilog/main_module.v   ;         ;
; keypad.v                         ; yes             ; User Verilog HDL File        ; C:/Users/rsan/projects/school/CSE4117-Microprocessors/Project_2/Verilog/keypad.v        ;         ;
; bird_extended.v                  ; yes             ; User Verilog HDL File        ; C:/Users/rsan/projects/school/CSE4117-Microprocessors/Project_2/Verilog/bird_extended.v ;         ;
; ram.dat                          ; yes             ; Auto-Found Unspecified File  ; C:/Users/rsan/projects/school/CSE4117-Microprocessors/Project_2/Verilog/ram.dat         ;         ;
+----------------------------------+-----------------+------------------------------+-----------------------------------------------------------------------------------------+---------+


+---------------------------------------------------------+
; Analysis & Synthesis Resource Usage Summary             ;
+---------------------------------------------+-----------+
; Resource                                    ; Usage     ;
+---------------------------------------------+-----------+
; Estimated Total logic elements              ; 29,235    ;
;                                             ;           ;
; Total combinational functions               ; 13624     ;
; Logic element usage by number of LUT inputs ;           ;
;     -- 4 input functions                    ; 11379     ;
;     -- 3 input functions                    ; 232       ;
;     -- <=2 input functions                  ; 2013      ;
;                                             ;           ;
; Logic elements by mode                      ;           ;
;     -- normal mode                          ; 13551     ;
;     -- arithmetic mode                      ; 73        ;
;                                             ;           ;
; Total registers                             ; 16680     ;
;     -- Dedicated logic registers            ; 16680     ;
;     -- I/O registers                        ; 0         ;
;                                             ;           ;
; I/O pins                                    ; 20        ;
;                                             ;           ;
; Embedded Multiplier 9-bit elements          ; 0         ;
;                                             ;           ;
; Maximum fan-out node                        ; CLK~input ;
; Maximum fan-out                             ; 16598     ;
; Total fan-out                               ; 99328     ;
; Average fan-out                             ; 3.27      ;
+---------------------------------------------+-----------+


+-----------------------------------------------------------------------------------------------------------------------------------------------------------------------------------------------------------------------+
; Analysis & Synthesis Resource Utilization by Entity                                                                                                                                                                   ;
+----------------------------+---------------------+---------------------------+-------------+--------------+---------+-----------+------+--------------+--------------------------------+---------------+--------------+
; Compilation Hierarchy Node ; Combinational ALUTs ; Dedicated Logic Registers ; Memory Bits ; DSP Elements ; DSP 9x9 ; DSP 18x18 ; Pins ; Virtual Pins ; Full Hierarchy Name            ; Entity Name   ; Library Name ;
+----------------------------+---------------------+---------------------------+-------------+--------------+---------+-----------+------+--------------+--------------------------------+---------------+--------------+
; |main_module               ; 13624 (13039)       ; 16680 (16400)             ; 0           ; 0            ; 0       ; 0         ; 20   ; 0            ; |main_module                   ; main_module   ; work         ;
;    |bird_extended:br1|     ; 467 (467)           ; 161 (161)                 ; 0           ; 0            ; 0       ; 0         ; 0    ; 0            ; |main_module|bird_extended:br1 ; bird_extended ; work         ;
;    |keypad:kp1|            ; 84 (84)             ; 98 (98)                   ; 0           ; 0            ; 0       ; 0         ; 0    ; 0            ; |main_module|keypad:kp1        ; keypad        ; work         ;
;    |sevensegment:ss1|      ; 34 (34)             ; 21 (21)                   ; 0           ; 0            ; 0       ; 0         ; 0    ; 0            ; |main_module|sevensegment:ss1  ; sevensegment  ; work         ;
+----------------------------+---------------------+---------------------------+-------------+--------------+---------+-----------+------+--------------+--------------------------------+---------------+--------------+
Note: For table entries with two numbers listed, the numbers in parentheses indicate the number of resources of the given type used by the specific entity alone. The numbers listed outside of parentheses indicate the total resources of the given type used by the specific entity and all of its sub-entities in the hierarchy.


+----------------------------------------------------------------------------------------------------+
; User-Specified and Inferred Latches                                                                ;
+-----------------------------------------------------+---------------------+------------------------+
; Latch Name                                          ; Latch Enable Signal ; Free of Timing Hazards ;
+-----------------------------------------------------+---------------------+------------------------+
; data_in[4]                                          ; LessThan0           ; yes                    ;
; data_in[7]                                          ; LessThan0           ; yes                    ;
; data_in[6]                                          ; LessThan0           ; yes                    ;
; data_in[8]                                          ; LessThan0           ; yes                    ;
; data_in[3]                                          ; LessThan0           ; yes                    ;
; data_in[2]                                          ; LessThan0           ; yes                    ;
; data_in[1]                                          ; LessThan0           ; yes                    ;
; data_in[0]                                          ; LessThan0           ; yes                    ;
; data_in[12]                                         ; LessThan0           ; yes                    ;
; data_in[13]                                         ; LessThan0           ; yes                    ;
; data_in[14]                                         ; LessThan0           ; yes                    ;
; data_in[15]                                         ; LessThan0           ; yes                    ;
; data_in[5]                                          ; LessThan0           ; yes                    ;
; data_in[11]                                         ; LessThan0           ; yes                    ;
; data_in[10]                                         ; LessThan0           ; yes                    ;
; data_in[9]                                          ; LessThan0           ; yes                    ;
; statusordata                                        ; LessThan0           ; yes                    ;
; ack                                                 ; LessThan0           ; yes                    ;
; Number of user-specified and inferred latches = 18  ;                     ;                        ;
+-----------------------------------------------------+---------------------+------------------------+
Note: All latches listed above may not be present at the end of synthesis due to various synthesis optimizations.


+---------------------------------------------------------------------------------+
; Registers Removed During Synthesis                                              ;
+----------------------------------------+----------------------------------------+
; Register name                          ; Reason for Removal                     ;
+----------------------------------------+----------------------------------------+
; bird_extended:br1|state[4]             ; Stuck at GND due to stuck port data_in ;
; sevensegment:ss1|clk1[0]               ; Merged with keypad:kp1|clk1[0]         ;
; keypad:kp1|clk1[15..25]                ; Lost fanout                            ;
; sevensegment:ss1|clk1[16..25]          ; Lost fanout                            ;
; Total Number of Removed Registers = 23 ;                                        ;
+----------------------------------------+----------------------------------------+


+------------------------------------------------------+
; General Register Statistics                          ;
+----------------------------------------------+-------+
; Statistic                                    ; Value ;
+----------------------------------------------+-------+
; Total registers                              ; 16680 ;
; Number of registers using Synchronous Clear  ; 0     ;
; Number of registers using Synchronous Load   ; 32    ;
; Number of registers using Asynchronous Clear ; 0     ;
; Number of registers using Asynchronous Load  ; 0     ;
; Number of registers using Clock Enable       ; 16580 ;
; Number of registers using Preset             ; 0     ;
+----------------------------------------------+-------+


+--------------------------------------------------+
; Inverted Register Statistics                     ;
+----------------------------------------+---------+
; Inverted Register                      ; Fan out ;
+----------------------------------------+---------+
; keypad:kp1|rowwrite[1]                 ; 6       ;
; keypad:kp1|rowwrite[2]                 ; 6       ;
; keypad:kp1|rowwrite[3]                 ; 6       ;
; sevensegment:ss1|grounds[1]            ; 2       ;
; sevensegment:ss1|grounds[2]            ; 2       ;
; sevensegment:ss1|grounds[3]            ; 2       ;
; Total number of inverted registers = 6 ;         ;
+----------------------------------------+---------+


+-------------------------------------------------------------------------------------------------------------------------------------------------------------+
; Multiplexer Restructuring Statistics (Restructuring Performed)                                                                                              ;
+--------------------+-----------+---------------+----------------------+------------------------+------------+-----------------------------------------------+
; Multiplexer Inputs ; Bus Width ; Baseline Area ; Area if Restructured ; Saving if Restructured ; Registered ; Example Multiplexer Output                    ;
+--------------------+-----------+---------------+----------------------+------------------------+------------+-----------------------------------------------+
; 16:1               ; 16 bits   ; 160 LEs       ; 16 LEs               ; 144 LEs                ; Yes        ; |main_module|bird_extended:br1|regbank[6][5]  ;
; 16:1               ; 16 bits   ; 160 LEs       ; 16 LEs               ; 144 LEs                ; Yes        ; |main_module|bird_extended:br1|regbank[5][1]  ;
; 16:1               ; 16 bits   ; 160 LEs       ; 16 LEs               ; 144 LEs                ; Yes        ; |main_module|bird_extended:br1|regbank[4][5]  ;
; 16:1               ; 16 bits   ; 160 LEs       ; 16 LEs               ; 144 LEs                ; Yes        ; |main_module|bird_extended:br1|regbank[3][7]  ;
; 16:1               ; 16 bits   ; 160 LEs       ; 16 LEs               ; 144 LEs                ; Yes        ; |main_module|bird_extended:br1|regbank[2][10] ;
; 16:1               ; 16 bits   ; 160 LEs       ; 16 LEs               ; 144 LEs                ; Yes        ; |main_module|bird_extended:br1|regbank[1][6]  ;
; 16:1               ; 16 bits   ; 160 LEs       ; 16 LEs               ; 144 LEs                ; Yes        ; |main_module|bird_extended:br1|regbank[0][9]  ;
; 9:1                ; 16 bits   ; 96 LEs        ; 16 LEs               ; 80 LEs                 ; Yes        ; |main_module|bird_extended:br1|pc[4]          ;
; 11:1               ; 16 bits   ; 112 LEs       ; 32 LEs               ; 80 LEs                 ; Yes        ; |main_module|bird_extended:br1|regbank[7][5]  ;
; 4:1                ; 4 bits    ; 8 LEs         ; 8 LEs                ; 0 LEs                  ; No         ; |main_module|sevensegment:ss1|Mux3            ;
; 3:1                ; 12 bits   ; 24 LEs        ; 12 LEs               ; 12 LEs                 ; No         ; |main_module|data_in                          ;
; 3:1                ; 3 bits    ; 6 LEs         ; 6 LEs                ; 0 LEs                  ; No         ; |main_module|data_in                          ;
; 8:1                ; 16 bits   ; 80 LEs        ; 80 LEs               ; 0 LEs                  ; No         ; |main_module|bird_extended:br1|Mux46          ;
; 8:1                ; 16 bits   ; 80 LEs        ; 80 LEs               ; 0 LEs                  ; No         ; |main_module|bird_extended:br1|Mux23          ;
; 12:1               ; 15 bits   ; 120 LEs       ; 60 LEs               ; 60 LEs                 ; No         ; |main_module|bird_extended:br1|Mux69          ;
; 4:1                ; 16 bits   ; 32 LEs        ; 32 LEs               ; 0 LEs                  ; No         ; |main_module|bird_extended:br1|Add4           ;
; 7:1                ; 16 bits   ; 64 LEs        ; 32 LEs               ; 32 LEs                 ; No         ; |main_module|bird_extended:br1|Selector134    ;
; 3:1                ; 16 bits   ; 32 LEs        ; 16 LEs               ; 16 LEs                 ; No         ; |main_module|bird_extended:br1|Add4           ;
+--------------------+-----------+---------------+----------------------+------------------------+------------+-----------------------------------------------+


+-----------------------------------------------------+
; Post-Synthesis Netlist Statistics for Top Partition ;
+-----------------------+-----------------------------+
; Type                  ; Count                       ;
+-----------------------+-----------------------------+
; boundary_port         ; 20                          ;
; cycloneiii_ff         ; 16680                       ;
;     ENA               ; 16548                       ;
;     ENA SLD           ; 32                          ;
;     plain             ; 100                         ;
; cycloneiii_lcell_comb ; 13636                       ;
;     arith             ; 73                          ;
;         2 data inputs ; 26                          ;
;         3 data inputs ; 47                          ;
;     normal            ; 13563                       ;
;         1 data inputs ; 961                         ;
;         2 data inputs ; 1038                        ;
;         3 data inputs ; 185                         ;
;         4 data inputs ; 11379                       ;
;                       ;                             ;
; Max LUT depth         ; 16.00                       ;
; Average LUT depth     ; 10.92                       ;
+-----------------------+-----------------------------+


+-------------------------------+
; Elapsed Time Per Partition    ;
+----------------+--------------+
; Partition Name ; Elapsed Time ;
+----------------+--------------+
; Top            ; 00:00:53     ;
+----------------+--------------+


+-------------------------------+
; Analysis & Synthesis Messages ;
+-------------------------------+
Info: *******************************************************************
Info: Running Quartus Prime Analysis & Synthesis
    Info: Version 21.1.0 Build 842 10/21/2021 SJ Lite Edition
    Info: Processing started: Wed Jan 19 13:54:51 2022
Info: Command: quartus_map --read_settings_files=on --write_settings_files=off project_2 -c project_2
Warning (18236): Number of processors has not been specified which may cause overloading on shared machines.  Set the global assignment NUM_PARALLEL_PROCESSORS in your QSF to an appropriate value for best performance.
Info (20030): Parallel compilation is enabled and will use 8 of the 8 processors detected
Info (12021): Found 1 design units, including 1 entities, in source file sevensegment.v
    Info (12023): Found entity 1: sevensegment File: C:/Users/rsan/projects/school/CSE4117-Microprocessors/Project_2/Verilog/sevensegment.v Line: 1
Info (12021): Found 1 design units, including 1 entities, in source file main_module.v
    Info (12023): Found entity 1: main_module File: C:/Users/rsan/projects/school/CSE4117-Microprocessors/Project_2/Verilog/main_module.v Line: 4
Info (12021): Found 1 design units, including 1 entities, in source file keypad.v
    Info (12023): Found entity 1: keypad File: C:/Users/rsan/projects/school/CSE4117-Microprocessors/Project_2/Verilog/keypad.v Line: 1
Info (12021): Found 1 design units, including 1 entities, in source file bird_extended.v
    Info (12023): Found entity 1: bird_extended File: C:/Users/rsan/projects/school/CSE4117-Microprocessors/Project_2/Verilog/bird_extended.v Line: 1
Info (12127): Elaborating entity "main_module" for the top level hierarchy
Warning (10240): Verilog HDL Always Construct warning at main_module.v(43): inferring latch(es) for variable "statusordata", which holds its previous value in one or more paths through the always construct File: C:/Users/rsan/projects/school/CSE4117-Microprocessors/Project_2/Verilog/main_module.v Line: 43
Warning (10240): Verilog HDL Always Construct warning at main_module.v(43): inferring latch(es) for variable "data_in", which holds its previous value in one or more paths through the always construct File: C:/Users/rsan/projects/school/CSE4117-Microprocessors/Project_2/Verilog/main_module.v Line: 43
Warning (10240): Verilog HDL Always Construct warning at main_module.v(43): inferring latch(es) for variable "ack", which holds its previous value in one or more paths through the always construct File: C:/Users/rsan/projects/school/CSE4117-Microprocessors/Project_2/Verilog/main_module.v Line: 43
Warning (10850): Verilog HDL warning at main_module.v(85): number of words (265) in memory file does not match the number of elements in the address range [0:1023] File: C:/Users/rsan/projects/school/CSE4117-Microprocessors/Project_2/Verilog/main_module.v Line: 85
Info (10041): Inferred latch for "ack" at main_module.v(43) File: C:/Users/rsan/projects/school/CSE4117-Microprocessors/Project_2/Verilog/main_module.v Line: 43
Info (10041): Inferred latch for "data_in[0]" at main_module.v(43) File: C:/Users/rsan/projects/school/CSE4117-Microprocessors/Project_2/Verilog/main_module.v Line: 43
Info (10041): Inferred latch for "data_in[1]" at main_module.v(43) File: C:/Users/rsan/projects/school/CSE4117-Microprocessors/Project_2/Verilog/main_module.v Line: 43
Info (10041): Inferred latch for "data_in[2]" at main_module.v(43) File: C:/Users/rsan/projects/school/CSE4117-Microprocessors/Project_2/Verilog/main_module.v Line: 43
Info (10041): Inferred latch for "data_in[3]" at main_module.v(43) File: C:/Users/rsan/projects/school/CSE4117-Microprocessors/Project_2/Verilog/main_module.v Line: 43
Info (10041): Inferred latch for "data_in[4]" at main_module.v(43) File: C:/Users/rsan/projects/school/CSE4117-Microprocessors/Project_2/Verilog/main_module.v Line: 43
Info (10041): Inferred latch for "data_in[5]" at main_module.v(43) File: C:/Users/rsan/projects/school/CSE4117-Microprocessors/Project_2/Verilog/main_module.v Line: 43
Info (10041): Inferred latch for "data_in[6]" at main_module.v(43) File: C:/Users/rsan/projects/school/CSE4117-Microprocessors/Project_2/Verilog/main_module.v Line: 43
Info (10041): Inferred latch for "data_in[7]" at main_module.v(43) File: C:/Users/rsan/projects/school/CSE4117-Microprocessors/Project_2/Verilog/main_module.v Line: 43
Info (10041): Inferred latch for "data_in[8]" at main_module.v(43) File: C:/Users/rsan/projects/school/CSE4117-Microprocessors/Project_2/Verilog/main_module.v Line: 43
Info (10041): Inferred latch for "data_in[9]" at main_module.v(43) File: C:/Users/rsan/projects/school/CSE4117-Microprocessors/Project_2/Verilog/main_module.v Line: 43
Info (10041): Inferred latch for "data_in[10]" at main_module.v(43) File: C:/Users/rsan/projects/school/CSE4117-Microprocessors/Project_2/Verilog/main_module.v Line: 43
Info (10041): Inferred latch for "data_in[11]" at main_module.v(43) File: C:/Users/rsan/projects/school/CSE4117-Microprocessors/Project_2/Verilog/main_module.v Line: 43
Info (10041): Inferred latch for "data_in[12]" at main_module.v(43) File: C:/Users/rsan/projects/school/CSE4117-Microprocessors/Project_2/Verilog/main_module.v Line: 43
Info (10041): Inferred latch for "data_in[13]" at main_module.v(43) File: C:/Users/rsan/projects/school/CSE4117-Microprocessors/Project_2/Verilog/main_module.v Line: 43
Info (10041): Inferred latch for "data_in[14]" at main_module.v(43) File: C:/Users/rsan/projects/school/CSE4117-Microprocessors/Project_2/Verilog/main_module.v Line: 43
Info (10041): Inferred latch for "data_in[15]" at main_module.v(43) File: C:/Users/rsan/projects/school/CSE4117-Microprocessors/Project_2/Verilog/main_module.v Line: 43
Info (10041): Inferred latch for "statusordata" at main_module.v(43) File: C:/Users/rsan/projects/school/CSE4117-Microprocessors/Project_2/Verilog/main_module.v Line: 43
Info (12128): Elaborating entity "sevensegment" for hierarchy "sevensegment:ss1" File: C:/Users/rsan/projects/school/CSE4117-Microprocessors/Project_2/Verilog/main_module.v Line: 34
Info (12128): Elaborating entity "keypad" for hierarchy "keypad:kp1" File: C:/Users/rsan/projects/school/CSE4117-Microprocessors/Project_2/Verilog/main_module.v Line: 36
Info (12128): Elaborating entity "bird_extended" for hierarchy "bird_extended:br1" File: C:/Users/rsan/projects/school/CSE4117-Microprocessors/Project_2/Verilog/main_module.v Line: 38
Info (276014): Found 1 instances of uninferred RAM logic
    Info (276007): RAM logic "memory" is uninferred due to asynchronous read logic File: C:/Users/rsan/projects/school/CSE4117-Microprocessors/Project_2/Verilog/main_module.v Line: 25
Warning (127007): Memory Initialization File or Hexadecimal (Intel-Format) File "C:/Users/rsan/projects/school/CSE4117-Microprocessors/Project_2/Verilog/db/project_2.ram0_main_module_7115dfaa.hdl.mif" contains "don't care" values -- overwriting them with 0s
Warning (13012): Latch data_in[4] has unsafe behavior File: C:/Users/rsan/projects/school/CSE4117-Microprocessors/Project_2/Verilog/main_module.v Line: 43
    Warning (13013): Ports D and ENA on the latch are fed by the same signal bird_extended:br1|pc[12] File: C:/Users/rsan/projects/school/CSE4117-Microprocessors/Project_2/Verilog/bird_extended.v Line: 34
Warning (13012): Latch data_in[7] has unsafe behavior File: C:/Users/rsan/projects/school/CSE4117-Microprocessors/Project_2/Verilog/main_module.v Line: 43
    Warning (13013): Ports D and ENA on the latch are fed by the same signal bird_extended:br1|pc[12] File: C:/Users/rsan/projects/school/CSE4117-Microprocessors/Project_2/Verilog/bird_extended.v Line: 34
Warning (13012): Latch data_in[6] has unsafe behavior File: C:/Users/rsan/projects/school/CSE4117-Microprocessors/Project_2/Verilog/main_module.v Line: 43
    Warning (13013): Ports D and ENA on the latch are fed by the same signal bird_extended:br1|pc[12] File: C:/Users/rsan/projects/school/CSE4117-Microprocessors/Project_2/Verilog/bird_extended.v Line: 34
Warning (13012): Latch data_in[8] has unsafe behavior File: C:/Users/rsan/projects/school/CSE4117-Microprocessors/Project_2/Verilog/main_module.v Line: 43
    Warning (13013): Ports D and ENA on the latch are fed by the same signal bird_extended:br1|pc[12] File: C:/Users/rsan/projects/school/CSE4117-Microprocessors/Project_2/Verilog/bird_extended.v Line: 34
Warning (13012): Latch data_in[3] has unsafe behavior File: C:/Users/rsan/projects/school/CSE4117-Microprocessors/Project_2/Verilog/main_module.v Line: 43
    Warning (13013): Ports D and ENA on the latch are fed by the same signal bird_extended:br1|pc[12] File: C:/Users/rsan/projects/school/CSE4117-Microprocessors/Project_2/Verilog/bird_extended.v Line: 34
Warning (13012): Latch data_in[2] has unsafe behavior File: C:/Users/rsan/projects/school/CSE4117-Microprocessors/Project_2/Verilog/main_module.v Line: 43
    Warning (13013): Ports D and ENA on the latch are fed by the same signal bird_extended:br1|pc[12] File: C:/Users/rsan/projects/school/CSE4117-Microprocessors/Project_2/Verilog/bird_extended.v Line: 34
Warning (13012): Latch data_in[1] has unsafe behavior File: C:/Users/rsan/projects/school/CSE4117-Microprocessors/Project_2/Verilog/main_module.v Line: 43
    Warning (13013): Ports D and ENA on the latch are fed by the same signal bird_extended:br1|pc[12] File: C:/Users/rsan/projects/school/CSE4117-Microprocessors/Project_2/Verilog/bird_extended.v Line: 34
Warning (13012): Latch data_in[0] has unsafe behavior File: C:/Users/rsan/projects/school/CSE4117-Microprocessors/Project_2/Verilog/main_module.v Line: 43
    Warning (13013): Ports D and ENA on the latch are fed by the same signal bird_extended:br1|pc[12] File: C:/Users/rsan/projects/school/CSE4117-Microprocessors/Project_2/Verilog/bird_extended.v Line: 34
Warning (13012): Latch data_in[12] has unsafe behavior File: C:/Users/rsan/projects/school/CSE4117-Microprocessors/Project_2/Verilog/main_module.v Line: 43
    Warning (13013): Ports D and ENA on the latch are fed by the same signal bird_extended:br1|pc[12] File: C:/Users/rsan/projects/school/CSE4117-Microprocessors/Project_2/Verilog/bird_extended.v Line: 34
Warning (13012): Latch data_in[13] has unsafe behavior File: C:/Users/rsan/projects/school/CSE4117-Microprocessors/Project_2/Verilog/main_module.v Line: 43
    Warning (13013): Ports D and ENA on the latch are fed by the same signal bird_extended:br1|pc[12] File: C:/Users/rsan/projects/school/CSE4117-Microprocessors/Project_2/Verilog/bird_extended.v Line: 34
Warning (13012): Latch data_in[14] has unsafe behavior File: C:/Users/rsan/projects/school/CSE4117-Microprocessors/Project_2/Verilog/main_module.v Line: 43
    Warning (13013): Ports D and ENA on the latch are fed by the same signal bird_extended:br1|pc[12] File: C:/Users/rsan/projects/school/CSE4117-Microprocessors/Project_2/Verilog/bird_extended.v Line: 34
Warning (13012): Latch data_in[15] has unsafe behavior File: C:/Users/rsan/projects/school/CSE4117-Microprocessors/Project_2/Verilog/main_module.v Line: 43
    Warning (13013): Ports D and ENA on the latch are fed by the same signal bird_extended:br1|pc[12] File: C:/Users/rsan/projects/school/CSE4117-Microprocessors/Project_2/Verilog/bird_extended.v Line: 34
Warning (13012): Latch data_in[5] has unsafe behavior File: C:/Users/rsan/projects/school/CSE4117-Microprocessors/Project_2/Verilog/main_module.v Line: 43
    Warning (13013): Ports D and ENA on the latch are fed by the same signal bird_extended:br1|pc[12] File: C:/Users/rsan/projects/school/CSE4117-Microprocessors/Project_2/Verilog/bird_extended.v Line: 34
Warning (13012): Latch data_in[11] has unsafe behavior File: C:/Users/rsan/projects/school/CSE4117-Microprocessors/Project_2/Verilog/main_module.v Line: 43
    Warning (13013): Ports D and ENA on the latch are fed by the same signal bird_extended:br1|pc[12] File: C:/Users/rsan/projects/school/CSE4117-Microprocessors/Project_2/Verilog/bird_extended.v Line: 34
Warning (13012): Latch data_in[10] has unsafe behavior File: C:/Users/rsan/projects/school/CSE4117-Microprocessors/Project_2/Verilog/main_module.v Line: 43
    Warning (13013): Ports D and ENA on the latch are fed by the same signal bird_extended:br1|pc[12] File: C:/Users/rsan/projects/school/CSE4117-Microprocessors/Project_2/Verilog/bird_extended.v Line: 34
Warning (13012): Latch data_in[9] has unsafe behavior File: C:/Users/rsan/projects/school/CSE4117-Microprocessors/Project_2/Verilog/main_module.v Line: 43
    Warning (13013): Ports D and ENA on the latch are fed by the same signal bird_extended:br1|pc[12] File: C:/Users/rsan/projects/school/CSE4117-Microprocessors/Project_2/Verilog/bird_extended.v Line: 34
Warning (13012): Latch statusordata has unsafe behavior File: C:/Users/rsan/projects/school/CSE4117-Microprocessors/Project_2/Verilog/main_module.v Line: 15
    Warning (13013): Ports D and ENA on the latch are fed by the same signal bird_extended:br1|pc[12] File: C:/Users/rsan/projects/school/CSE4117-Microprocessors/Project_2/Verilog/bird_extended.v Line: 34
Warning (13012): Latch ack has unsafe behavior File: C:/Users/rsan/projects/school/CSE4117-Microprocessors/Project_2/Verilog/main_module.v Line: 14
    Warning (13013): Ports D and ENA on the latch are fed by the same signal bird_extended:br1|pc[12] File: C:/Users/rsan/projects/school/CSE4117-Microprocessors/Project_2/Verilog/bird_extended.v Line: 34
Info (286030): Timing-Driven Synthesis is running
Info (17049): 21 registers lost all their fanouts during netlist optimizations.
Info (144001): Generated suppressed messages file C:/Users/rsan/projects/school/CSE4117-Microprocessors/Project_2/Verilog/output_files/project_2.map.smsg
Info (16010): Generating hard_block partition "hard_block:auto_generated_inst"
    Info (16011): Adding 0 node(s), including 0 DDIO, 0 PLL, 0 transceiver and 0 LCELL
Info (21057): Implemented 29300 device resources after synthesis - the final resource count might be different
    Info (21058): Implemented 5 input pins
    Info (21059): Implemented 15 output pins
    Info (21061): Implemented 29280 logic cells
Info: Quartus Prime Analysis & Synthesis was successful. 0 errors, 42 warnings
    Info: Peak virtual memory: 4997 megabytes
    Info: Processing ended: Wed Jan 19 13:55:59 2022
    Info: Elapsed time: 00:01:08
    Info: Total CPU time (on all processors): 00:01:26


+------------------------------------------+
; Analysis & Synthesis Suppressed Messages ;
+------------------------------------------+
The suppressed messages can be found in C:/Users/rsan/projects/school/CSE4117-Microprocessors/Project_2/Verilog/output_files/project_2.map.smsg.


